This file contains any messages produced by compilers while
running configure, to aid debugging if configure makes a mistake.

It was created by FoX configure 4.0.4, which was
generated by GNU Autoconf 2.61.  Invocation command line was

  $ ./configure FC=ifort

## --------- ##
## Platform. ##
## --------- ##

hostname = public-docking-hpx-1662.ethz.ch
uname -m = x86_64
uname -r = 15.6.0
uname -s = Darwin
uname -v = Darwin Kernel Version 15.6.0: Mon Aug 29 20:21:34 PDT 2016; root:xnu-3248.60.11~1/RELEASE_X86_64

/usr/bin/uname -p = i386
/bin/uname -X     = unknown

/bin/arch              = unknown
/usr/bin/arch -k       = unknown
/usr/convex/getsysinfo = unknown
/usr/bin/hostinfo      = Mach kernel version:
	 Darwin Kernel Version 15.6.0: Mon Aug 29 20:21:34 PDT 2016; root:xnu-3248.60.11~1/RELEASE_X86_64
Kernel configured for up to 8 processors.
4 processors are physically available.
8 processors are logically available.
Processor type: x86_64h (Intel x86-64h Haswell)
Processors active: 0 1 2 3 4 5 6 7
Primary memory available: 16.00 gigabytes
Default processor set: 348 tasks, 1556 threads, 8 processors
Load average: 3.18, Mach factor: 4.81
/bin/machine           = unknown
/usr/bin/oslevel       = unknown
/bin/universe          = unknown

PATH: /opt/intel/composer_xe_2015.0.077/bin/intel64
PATH: /opt/intel/composer_xe_2015.0.077/mpirt/bin/intel64
PATH: /opt/intel/composer_xe_2015.0.077/bin/intel64
PATH: /opt/intel/composer_xe_2015.0.077/mpirt/bin/intel64
PATH: /opt/local/bin
PATH: /opt/local/sbin
PATH: /opt/local/include
PATH: /opt/local/lib/postgresql95/bin
PATH: ~/codes/AiiDA/aiida_epfl/bin/
PATH: /usr/local/bin
PATH: /usr/bin
PATH: /bin
PATH: /usr/sbin
PATH: /sbin
PATH: /opt/X11/bin
PATH: /Library/TeX/texbin
PATH: /opt/intel/composer_xe_2015.0.077/debugger/gdb/intel64/bin
PATH: /opt/intel/composer_xe_2015.0.077/debugger/gdb/intel64/bin


## ----------- ##
## Core tests. ##
## ----------- ##

configure:1749: checking build system type
configure:1767: result: i386-apple-darwin15.6.0
configure:1789: checking host system type
configure:1804: result: i386-apple-darwin15.6.0
configure:1941: checking for Fortran compiler version
configure:1944: ifort --version </dev/null >&5
ifort (IFORT) 15.0.0 20140716
Copyright (C) 1985-2014 Intel Corporation.  All rights reserved.

configure:1947: $? = 0
configure:1949: ifort -v </dev/null >&5
ifort version 15.0.0
configure:1952: $? = 0
configure:1954: ifort -V </dev/null >&5
Intel(R) Fortran Intel(R) 64 Compiler XE for applications running on Intel(R) 64, Version 15.0.0.077 Build 20140716
Copyright (C) 1985-2014 Intel Corporation.  All rights reserved.

configure:1957: $? = 0
configure:1970: checking for linker flag to name executables
configure:1978: $FC $ac_link_obj_flag""conftest$ac_exeext $FCFLAGS $LDFLAGS $FCFLAGS_SRCEXT conftest.$ac_ext $LIBS >&5
ifort: error #10236: File not found:  '/exe:conftest'
configure:1981: $? = 1
configure:1978: $FC $ac_link_obj_flag""conftest$ac_exeext $FCFLAGS $LDFLAGS $FCFLAGS_SRCEXT conftest.$ac_ext $LIBS >&5
ifort: error #10236: File not found:  'conftest'
configure:1981: $? = 1
configure:1978: $FC $ac_link_obj_flag""conftest$ac_exeext $FCFLAGS $LDFLAGS $FCFLAGS_SRCEXT conftest.$ac_ext $LIBS >&5
configure:1981: $? = 0
configure:1996: result: -o 
configure:2002: checking for Fortran compiler default output file name
configure:2029: $FC $ac_link_obj_flag""conftest$ac_exeext $FCFLAGS $LDFLAGS $FCFLAGS_SRCEXT conftest.$ac_ext $LIBS >&5
configure:2032: $? = 0
configure:2078: result: conftest
configure:2083: checking whether the Fortran compiler works
configure:2093: ./conftest
configure:2096: $? = 0
configure:2113: result: yes
configure:2120: checking whether we are cross compiling
configure:2122: result: no
configure:2125: checking for suffix of executables
configure:2132: $FC $ac_link_obj_flag""conftest$ac_exeext $FCFLAGS $LDFLAGS $FCFLAGS_SRCEXT conftest.$ac_ext $LIBS >&5
configure:2135: $? = 0
configure:2159: result: 
configure:2165: checking for suffix of object files
configure:2181: ifort -c   conftest.f >&5
configure:2184: $? = 0
configure:2207: result: o
configure:2215: checking whether we are using the GNU Fortran compiler
configure:2234: ifort -c   conftest.F >&5
conftest.F(3): error #5082: Syntax error, found END-OF-STATEMENT when expecting one of: ( % [ : . = =>
       choke me
---------------^
conftest.F(3): error #6218: This statement is positioned incorrectly and/or has syntax errors.
       choke me
---------------^
compilation aborted for conftest.F (code 1)
configure:2240: $? = 1
configure: failed program was:
|       program main
| #ifndef __GNUC__
|        choke me
| #endif
| 
|       end
configure:2257: result: no
configure:2263: checking whether ifort accepts -g
configure:2280: ifort -c -g  conftest.f >&5
configure:2286: $? = 0
configure:2302: result: yes
configure:2331: checking for Fortran flag needed to allow free-form source for .f90 suffix
configure:2358: ifort -c -g  conftest.f90 >&5
configure:2364: $? = 0
configure:2383: result: none
configure:2458: checking for gcc
configure:2474: found /opt/local/bin/gcc
configure:2485: result: gcc
configure:2723: checking for C compiler version
configure:2730: gcc --version >&5
gcc (MacPorts gcc5 5.4.0_0) 5.4.0
Copyright (C) 2015 Free Software Foundation, Inc.
This is free software; see the source for copying conditions.  There is NO
warranty; not even for MERCHANTABILITY or FITNESS FOR A PARTICULAR PURPOSE.

configure:2733: $? = 0
configure:2740: gcc -v >&5
Using built-in specs.
COLLECT_GCC=gcc
COLLECT_LTO_WRAPPER=/opt/local/libexec/gcc/x86_64-apple-darwin15/5.4.0/lto-wrapper
Target: x86_64-apple-darwin15
Configured with: /opt/local/var/macports/build/_opt_mports_dports_lang_gcc5/gcc5/work/gcc-5.4.0/configure --prefix=/opt/local --build=x86_64-apple-darwin15 --enable-languages=c,c++,objc,obj-c++,lto,fortran,java --libdir=/opt/local/lib/gcc5 --includedir=/opt/local/include/gcc5 --infodir=/opt/local/share/info --mandir=/opt/local/share/man --datarootdir=/opt/local/share/gcc-5 --with-local-prefix=/opt/local --with-system-zlib --disable-nls --program-suffix=-mp-5 --with-gxx-include-dir=/opt/local/include/gcc5/c++/ --with-gmp=/opt/local --with-mpfr=/opt/local --with-mpc=/opt/local --with-isl=/opt/local --enable-stage1-checking --disable-multilib --enable-lto --enable-libstdcxx-time --with-build-config=bootstrap-debug --with-as=/opt/local/bin/as --with-ld=/opt/local/bin/ld --with-ar=/opt/local/bin/ar --with-bugurl=https://trac.macports.org/newticket --with-pkgversion='MacPorts gcc5 5.4.0_0'
Thread model: posix
gcc version 5.4.0 (MacPorts gcc5 5.4.0_0) 
configure:2743: $? = 0
configure:2750: gcc -V >&5
gcc: error: unrecognized command line option '-V'
gcc: fatal error: no input files
compilation terminated.
configure:2753: $? = 1
configure:2756: checking whether we are using the GNU C compiler
configure:2785: gcc -c   conftest.c >&5
configure:2791: $? = 0
configure:2808: result: yes
configure:2813: checking whether gcc accepts -g
configure:2843: gcc -c -g  conftest.c >&5
configure:2849: $? = 0
configure:2948: result: yes
configure:2965: checking for gcc option to accept ISO C89
configure:3039: gcc  -c -g -O2  conftest.c >&5
configure:3045: $? = 0
configure:3068: result: none needed
configure:3166: checking for fixed form Fortran preprocessor features
configure:3200: ifort -c   -g conftest.F >&5
configure:3206: $? = 0
configure:3320: ${FC-fc} $ac_link_obj_flag""conftest${ac_exeext} $FPPFLAGS $FPPFLAGS_SRCEXT $FCFLAGS $LDFLAGS conftest.$ac_ext $LIBS >&5
configure:3326: $? = 0
configure:3320: ${FC-fc} $ac_link_obj_flag""conftest${ac_exeext} $FPPFLAGS $FPPFLAGS_SRCEXT $FCFLAGS $LDFLAGS conftest.$ac_ext $LIBS >&5
ifort: command line warning #10157: ignoring option '-W'; argument is of wrong type
conftest.F(5): error #5082: Syntax error, found END-OF-STATEMENT when expecting one of: ( % [ : . = =>
      syntax error
------------------^
conftest.F(5): error #6218: This statement is positioned incorrectly and/or has syntax errors.
      syntax error
------------------^
compilation aborted for conftest.F (code 1)
configure:3326: $? = 1
configure: failed program was:
| 
|       program main
| 
| #ifndef OK
|       syntax error
| #endif
| 
|       end
configure:3320: ${FC-fc} $ac_link_obj_flag""conftest${ac_exeext} $FPPFLAGS $FPPFLAGS_SRCEXT $FCFLAGS $LDFLAGS conftest.$ac_ext $LIBS >&5
ifort: error #10236: File not found:  '/DOK'
conftest.F(5): error #5082: Syntax error, found END-OF-STATEMENT when expecting one of: ( % [ : . = =>
      syntax error
------------------^
conftest.F(5): error #6218: This statement is positioned incorrectly and/or has syntax errors.
      syntax error
------------------^
compilation aborted for conftest.F (code 1)
configure:3326: $? = 1
configure: failed program was:
| 
|       program main
| 
| #ifndef OK
|       syntax error
| #endif
| 
|       end
configure:3378: ${FC-fc} $ac_link_obj_flag""conftest${ac_exeext} $FPPFLAGS $FPPFLAGS_SRCEXT $FCFLAGS $LDFLAGS conftest.$ac_ext $LIBS >&5
configure:3384: $? = 0
configure:3541: ${FC-fc} $ac_link_obj_flag""conftest${ac_exeext} $FPPFLAGS $FPPFLAGS_SRCEXT $FCFLAGS $LDFLAGS conftest.$ac_ext $LIBS >&5
configure:3547: $? = 0
configure:3572: result: done.
configure:3576: checking whether ifort compiles programs with cpp directives
configure:3583: result: yes
configure:3589: checking whether ifort accepts -D
configure:3596: result: yes
configure:3601: checking whether ifort accepts -I
configure:3608: result: yes
configure:3641: checking whether ifort fulfils requested features
configure:3648: result: yes
configure:3652: checking preprocessing mode we may therefore use
configure:3658: result: direct
configure:4865: checking for Fortran flag needed to allow free-form preprocessed source for .F90 suffix
configure:4900: ifort -c -g  conftest.F90 >&5
configure:4906: $? = 0
configure:4928: result: none
configure:5015: checking for ranlib
configure:5031: found /opt/local/bin/ranlib
configure:5042: result: ranlib
configure:5164: ifort seems to be a Intel compiler
configure:5311: checking for kind number produced by kind(1.0)
conftest.f(5): error #6684: This is an incorrect value for a kind type parameter in this context.   [KIND]
      real(kind=mysp), pointer :: y
-----------^
compilation aborted for conftest.f (code 1)
conftest.f(5): error #6684: This is an incorrect value for a kind type parameter in this context.   [KIND]
      real(kind=mysp), pointer :: y
-----------^
compilation aborted for conftest.f (code 1)
conftest.f(5): error #6684: This is an incorrect value for a kind type parameter in this context.   [KIND]
      real(kind=mysp), pointer :: y
-----------^
compilation aborted for conftest.f (code 1)
configure:5357: result: 4
configure:5368: checking for kind number produced by kind(1.0d0)
conftest.f(5): error #6684: This is an incorrect value for a kind type parameter in this context.   [KIND]
      real(kind=mysp), pointer :: y
-----------^
conftest.f(6): error #6795: The target must be of the same type and kind type parameters as the pointer.   [Y]
      y=>x
------^
compilation aborted for conftest.f (code 1)
conftest.f(5): error #6684: This is an incorrect value for a kind type parameter in this context.   [KIND]
      real(kind=mysp), pointer :: y
-----------^
conftest.f(6): error #6795: The target must be of the same type and kind type parameters as the pointer.   [Y]
      y=>x
------^
compilation aborted for conftest.f (code 1)
conftest.f(5): error #6684: This is an incorrect value for a kind type parameter in this context.   [KIND]
      real(kind=mysp), pointer :: y
-----------^
conftest.f(6): error #6795: The target must be of the same type and kind type parameters as the pointer.   [Y]
      y=>x
------^
compilation aborted for conftest.f (code 1)
conftest.f(6): error #6795: The target must be of the same type and kind type parameters as the pointer.   [Y]
      y=>x
------^
compilation aborted for conftest.f (code 1)
conftest.f(5): error #6684: This is an incorrect value for a kind type parameter in this context.   [KIND]
      real(kind=mysp), pointer :: y
-----------^
conftest.f(6): error #6795: The target must be of the same type and kind type parameters as the pointer.   [Y]
      y=>x
------^
compilation aborted for conftest.f (code 1)
conftest.f(5): error #6684: This is an incorrect value for a kind type parameter in this context.   [KIND]
      real(kind=mysp), pointer :: y
-----------^
conftest.f(6): error #6795: The target must be of the same type and kind type parameters as the pointer.   [Y]
      y=>x
------^
compilation aborted for conftest.f (code 1)
conftest.f(5): error #6684: This is an incorrect value for a kind type parameter in this context.   [KIND]
      real(kind=mysp), pointer :: y
-----------^
conftest.f(6): error #6795: The target must be of the same type and kind type parameters as the pointer.   [Y]
      y=>x
------^
compilation aborted for conftest.f (code 1)
configure:5414: result: 8
configure:5425: checking for kind number produced by selected_real_kind(6,34)
conftest.f(5): error #6684: This is an incorrect value for a kind type parameter in this context.   [KIND]
      real(kind=mysp), pointer :: y
-----------^
compilation aborted for conftest.f (code 1)
conftest.f(5): error #6684: This is an incorrect value for a kind type parameter in this context.   [KIND]
      real(kind=mysp), pointer :: y
-----------^
compilation aborted for conftest.f (code 1)
conftest.f(5): error #6684: This is an incorrect value for a kind type parameter in this context.   [KIND]
      real(kind=mysp), pointer :: y
-----------^
compilation aborted for conftest.f (code 1)
configure:5471: result: 4
configure:5482: checking for kind number produced by selected_real_kind(15,300)
conftest.f(5): error #6684: This is an incorrect value for a kind type parameter in this context.   [KIND]
      real(kind=mysp), pointer :: y
-----------^
conftest.f(6): error #6795: The target must be of the same type and kind type parameters as the pointer.   [Y]
      y=>x
------^
compilation aborted for conftest.f (code 1)
conftest.f(5): error #6684: This is an incorrect value for a kind type parameter in this context.   [KIND]
      real(kind=mysp), pointer :: y
-----------^
conftest.f(6): error #6795: The target must be of the same type and kind type parameters as the pointer.   [Y]
      y=>x
------^
compilation aborted for conftest.f (code 1)
conftest.f(5): error #6684: This is an incorrect value for a kind type parameter in this context.   [KIND]
      real(kind=mysp), pointer :: y
-----------^
conftest.f(6): error #6795: The target must be of the same type and kind type parameters as the pointer.   [Y]
      y=>x
------^
compilation aborted for conftest.f (code 1)
conftest.f(6): error #6795: The target must be of the same type and kind type parameters as the pointer.   [Y]
      y=>x
------^
compilation aborted for conftest.f (code 1)
conftest.f(5): error #6684: This is an incorrect value for a kind type parameter in this context.   [KIND]
      real(kind=mysp), pointer :: y
-----------^
conftest.f(6): error #6795: The target must be of the same type and kind type parameters as the pointer.   [Y]
      y=>x
------^
compilation aborted for conftest.f (code 1)
conftest.f(5): error #6684: This is an incorrect value for a kind type parameter in this context.   [KIND]
      real(kind=mysp), pointer :: y
-----------^
conftest.f(6): error #6795: The target must be of the same type and kind type parameters as the pointer.   [Y]
      y=>x
------^
compilation aborted for conftest.f (code 1)
conftest.f(5): error #6684: This is an incorrect value for a kind type parameter in this context.   [KIND]
      real(kind=mysp), pointer :: y
-----------^
conftest.f(6): error #6795: The target must be of the same type and kind type parameters as the pointer.   [Y]
      y=>x
------^
compilation aborted for conftest.f (code 1)
configure:5528: result: 8
configure:5554: checking how to compile a call to FLUSH
configure:5571: $FC $ac_link_obj_flag""conftest$ac_exeext $FCFLAGS $LDFLAGS $FCFLAGS_SRCEXT conftest.$ac_ext $LIBS >&5
configure:5577: $? = 0
configure:5713: result: default
configure:5725: checking how to compile a call to ABORT
configure:5742: $FC $ac_link_obj_flag""conftest$ac_exeext $FCFLAGS $LDFLAGS $FCFLAGS_SRCEXT conftest.$ac_ext $LIBS >&5
configure:5748: $? = 0
configure:5919: result: with argument
configure:5938: checking for EOR character used by ifort
configure:5957: $FC $ac_link_obj_flag""conftest$ac_exeext $FCFLAGS $LDFLAGS $FCFLAGS_SRCEXT conftest.$ac_ext $LIBS >&5
configure:5960: $? = 0
configure:5966: ./conftest
configure:5969: $? = 0
configure:6006: result: LF
configure:6018: checking for ASSOCIATED in restricted expression bug
configure:6040: ifort -c -g   conftest.f >&5
010101_13492

catastrophic error: **Internal compiler error: internal abort** Please report this error along with the circumstances in which it occurred in a Software Problem Report.  Note: File and line given may not be explicit cause of this error.
compilation aborted for conftest.f (code 1)
configure:6046: $? = 1
configure: failed program was:
| 
|       function test_bug(a) result(b)
|       integer, pointer :: a
|       integer, dimension(merge(1, 2, associated(a))) :: b
|       b = 0
|       end function test_bug
| 
configure:6059: result: yes
configure:6102: checking for a BSD-compatible install
configure:6158: result: /usr/bin/install -c
configure:6169: checking for a thread-safe mkdir -p
configure:6208: result: config/install-sh -c -d
configure:6230: checking for flag to alter module search path
configure:6240: ifort -c -g   conftest.f >&5
configure:6246: $? = 0
configure:6268: ifort -c -g  /Iconftestdir  conftest.f >&5
ifort: error #10236: File not found:  '/Iconftestdir'
conftest.f(3): error #7002: Error in opening the compiled module file.  Check INCLUDE paths.   [CONFTEST]
       use conftest
-----------^
conftest.f(5): error #6404: This name does not have a type, and must have an explicit type.   [I]
       i = 0
-------^
compilation aborted for conftest.f (code 1)
configure:6274: $? = 1
configure: failed program was:
| 
|       subroutine test
|        use conftest
|        implicit none
|        i = 0
|       end subroutine test
| 
configure:6268: ifort -c -g  -Iconftestdir  conftest.f >&5
configure:6274: $? = 0
configure:6291: result: -I
configure:6311: ifort -c -g   conftest.f >&5
configure:6317: $? = 0
configure:6319: checking for suffix of module files
configure:6355: result: mod
configure:6357: checking whether module filenames are uppercased
configure:6359: result: no
configure:6504: creating ./config.status

## ---------------------- ##
## Running config.status. ##
## ---------------------- ##

This file was extended by FoX config.status 4.0.4, which was
generated by GNU Autoconf 2.61.  Invocation command line was

  CONFIG_FILES    = 
  CONFIG_HEADERS  = 
  CONFIG_LINKS    = 
  CONFIG_COMMANDS = 
  $ ./config.status 

on public-docking-hpx-1662.ethz.ch

config.status:616: creating arch.make
config.status:616: creating FoX-config

## ---------------- ##
## Cache variables. ##
## ---------------- ##

ac_cv_FC_check_output_eol=LF
ac_cv_build=i386-apple-darwin15.6.0
ac_cv_c_compiler_gnu=yes
ac_cv_env_CC_set=
ac_cv_env_CC_value=
ac_cv_env_CFLAGS_set=
ac_cv_env_CFLAGS_value=
ac_cv_env_CPPFLAGS_set=
ac_cv_env_CPPFLAGS_value=
ac_cv_env_CPP_set=
ac_cv_env_CPP_value=
ac_cv_env_FCFLAGS_set=
ac_cv_env_FCFLAGS_value=
ac_cv_env_FC_set=set
ac_cv_env_FC_value=ifort
ac_cv_env_FPPFLAGS_set=
ac_cv_env_FPPFLAGS_value=
ac_cv_env_FPP_set=
ac_cv_env_FPP_value=
ac_cv_env_LDFLAGS_set=
ac_cv_env_LDFLAGS_value=
ac_cv_env_LIBS_set=
ac_cv_env_LIBS_value=
ac_cv_env_build_alias_set=
ac_cv_env_build_alias_value=
ac_cv_env_host_alias_set=
ac_cv_env_host_alias_value=
ac_cv_env_target_alias_set=
ac_cv_env_target_alias_value=
ac_cv_fc_compiler_gnu=no
ac_cv_fc_freeform_f90=none
ac_cv_fc_mod_path_flag=-I
ac_cv_fc_real_kind_dp=8
ac_cv_fc_real_kind_ieee_dp=8
ac_cv_fc_real_kind_ieee_sp=4
ac_cv_fc_real_kind_sp=4
ac_cv_fpp_build_rule=direct
ac_cv_fpp_fixedform_F=none
ac_cv_fpp_freeform_F90=none
ac_cv_host=i386-apple-darwin15.6.0
ac_cv_objext=o
ac_cv_path_install='/usr/bin/install -c'
ac_cv_prog_ac_ct_CC=gcc
ac_cv_prog_ac_ct_RANLIB=ranlib
ac_cv_prog_cc_c89=
ac_cv_prog_cc_g=yes
ac_cv_prog_fc_cpp=yes
ac_cv_prog_fc_cpp_d=yes
ac_cv_prog_fc_cpp_i=yes
ac_cv_prog_fc_cpp_ok=yes
ac_cv_prog_fc_g=yes

## ----------------- ##
## Output variables. ##
## ----------------- ##

BUILD_TARGETS='wxml_lib wcml_lib sax_lib dom_lib'
CC='gcc'
CFLAGS='-g -O2'
CPP=''
CPPFLAGS=''
CYGPATH_W='echo'
DEFS='-DPACKAGE_NAME=\"FoX\" -DPACKAGE_TARNAME=\"fox\" -DPACKAGE_VERSION=\"4.0.4\" -DPACKAGE_STRING=\"FoX\ 4.0.4\" -DPACKAGE_BUGREPORT=\"tow@uszla.me.uk\"'
DP_KIND='8'
ECHO_C='ECHO_N=''
ECHO_T=''
EXEEXT=''
F90_RULE='$(FC) -c $(FFLAGS) $(INCFLAGS) $(FPPFLAGS) $(FPPFLAGS_free_F90) $< '
FC='ifort'
FCFLAGS='-g '
FCFLAGS_free_f90=''
FC_MODEXT='mod'
FC_MODUPPERCASE='no'
FC_MOD_FLAG='-I'
FFLAGS=''
FFLAGS_MPI=''
FPP=''
FPPDIRECT_FALSE='#'
FPPDIRECT_TRUE=''
FPPFLAGS=' -DFC_HAVE_FLUSH -DFC_HAVE_ABORT -DFC_ABORT_ARG -DFC_EOR_LF -DRESTRICTED_ASSOCIATED_BUG'
FPPFLAGS_DEF='-D'
FPPFLAGS_fixed_F=''
FPPFLAGS_free_F90=''
FPP_COMPILE_EXT='f90'
FPP_MAKE_FLAGS='$(DEFS) $(DEFAULT_INCLUDES) $(INCLUDES) $(CPPFLAGS)'
FPP_OUTPUT=' '
FPP_PREPROCESS_EXT='F90'
INSTALL_DATA='${INSTALL} -m 644'
INSTALL_PROGRAM='${INSTALL}'
INSTALL_SCRIPT='${INSTALL}'
LDFLAGS=''
LIBEXT='a'
LIBOBJS=''
LIBS=''
LINK_O_FLAG='-o '
LTLIBOBJS=''
OBJEXT='o'
OBJSDIR='/Users/pxu/codes/Exciting/carbon/chase-exciting/src/FoX/objs'
PACKAGE_BUGREPORT='tow@uszla.me.uk'
PACKAGE_NAME='FoX'
PACKAGE_STRING='FoX 4.0.4'
PACKAGE_TARNAME='fox'
PACKAGE_VERSION='4.0.4'
PATH_SEPARATOR=':'
RANLIB='ranlib'
SHELL='/bin/sh'
SP_KIND='4'
VPATH=''
ac_ct_CC='gcc'
ac_ct_FC=''
bindir='${exec_prefix}/bin'
build='i386-apple-darwin15.6.0'
build_alias=''
build_cpu='i386'
build_os='darwin15.6.0'
build_vendor='apple'
datadir='${datarootdir}'
datarootdir='${prefix}/share'
docdir='${datarootdir}/doc/${PACKAGE_TARNAME}'
dvidir='${docdir}'
exec_prefix='${prefix}'
host='i386-apple-darwin15.6.0'
host_alias=''
host_cpu='i386'
host_os='darwin15.6.0'
host_vendor='apple'
htmldir='${docdir}'
includedir='${prefix}/include'
infodir='${datarootdir}/info'
libdir='${exec_prefix}/lib'
libexecdir='${exec_prefix}/libexec'
localedir='${datarootdir}/locale'
localstatedir='${prefix}/var'
mandir='${datarootdir}/man'
oldincludedir='/usr/include'
pdfdir='${docdir}'
prefix='/usr/local'
program_transform_name='s,x,x,'
psdir='${docdir}'
sbindir='${exec_prefix}/sbin'
sharedstatedir='${prefix}/com'
sysconfdir='${prefix}/etc'
target_alias=''

## ----------- ##
## confdefs.h. ##
## ----------- ##

#define PACKAGE_NAME "FoX"
#define PACKAGE_TARNAME "fox"
#define PACKAGE_VERSION "4.0.4"
#define PACKAGE_STRING "FoX 4.0.4"
#define PACKAGE_BUGREPORT "tow@uszla.me.uk"

configure: exit 0
